<?xml version="1.0" encoding="UTF-8"?>
<!-- Generated by org.testng.reporters.JUnitReportReporter -->
<testsuite hostname="DESKTOP-NKQ7MKH" failures="0" tests="1" name="test1.Maven_testclass2" time="18.009" errors="0" timestamp="2023-12-05T10:54:16 IST" skipped="0">
  <testcase classname="test1.Maven_testclass2" name="openJioCinema" time="18.009"/>
</testsuite> <!-- test1.Maven_testclass2 -->
